# JRE version: 7.0_07-b11
# Java VM: Java HotSpot(TM) Client VM (23.3-b01 mixed mode windows-x86 )
Heap
 def new generation   total 157376K, used 76403K [0x03980000, 0x0e440000, 0x18ed0000)
  eden space 139904K,  54% used [0x03980000, 0x0841cc60, 0x0c220000)
  from space 17472K,   0% used [0x0c220000, 0x0c220000, 0x0d330000)
  to   space 17472K,   0% used [0x0d330000, 0x0d330000, 0x0e440000)
 tenured generation   total 349568K, used 25610K [0x18ed0000, 0x2e430000, 0x43980000)
   the space 349568K,   7% used [0x18ed0000, 0x1a7d2878, 0x1a7d2a00, 0x2e430000)
 compacting perm gen  total 27136K, used 27048K [0x43980000, 0x45400000, 0x53980000)
   the space 27136K,  99% used [0x43980000, 0x453ea0a8, 0x453ea200, 0x45400000)
GC Heap History (10 events):
Event: 30.096 GC heap before
{Heap before GC invocations=0 (full 0):
 def new generation   total 157248K, used 106584K [0x03980000, 0x0e420000, 0x18ed0000)
  eden space 139776K,  76% used [0x03980000, 0x0a196098, 0x0c200000)
  from space 17472K,   0% used [0x0c200000, 0x0c200000, 0x0d310000)
  to   space 17472K,   0% used [0x0d310000, 0x0d310000, 0x0e420000)
 tenured generation   total 349568K, used 0K [0x18ed0000, 0x2e430000, 0x43980000)
   the space 349568K,   0% used [0x18ed0000, 0x18ed0000, 0x18ed0200, 0x2e430000)
 compacting perm gen  total 16384K, used 16383K [0x43980000, 0x44980000, 0x53980000)
   the space 16384K,  99% used [0x43980000, 0x4497ffa8, 0x44980000, 0x44980000)
No shared spaces configured.
Event: 30.390 GC heap after
Heap after GC invocations=1 (full 1):
 def new generation   total 157376K, used 0K [0x03980000, 0x0e440000, 0x18ed0000)
  eden space 139904K,   0% used [0x03980000, 0x03980000, 0x0c220000)
  from space 17472K,   0% used [0x0c220000, 0x0c220000, 0x0d330000)
  to   space 17472K,   0% used [0x0d330000, 0x0d330000, 0x0e440000)
 tenured generation   total 349568K, used 17824K [0x18ed0000, 0x2e430000, 0x43980000)
   the space 349568K,   5% used [0x18ed0000, 0x1a0382e0, 0x1a038400, 0x2e430000)
 compacting perm gen  total 16384K, used 16383K [0x43980000, 0x44980000, 0x53980000)
   the space 16384K,  99% used [0x43980000, 0x4497ffa8, 0x44980000, 0x44980000)
No shared spaces configured.
}
Event: 53.716 GC heap before
{Heap before GC invocations=1 (full 1):
 def new generation   total 157376K, used 103975K [0x03980000, 0x0e440000, 0x18ed0000)
  eden space 139904K,  74% used [0x03980000, 0x09f09c38, 0x0c220000)
  from space 17472K,   0% used [0x0c220000, 0x0c220000, 0x0d330000)
  to   space 17472K,   0% used [0x0d330000, 0x0d330000, 0x0e440000)
 tenured generation   total 349568K, used 17824K [0x18ed0000, 0x2e430000, 0x43980000)
   the space 349568K,   5% used [0x18ed0000, 0x1a0382e0, 0x1a038400, 0x2e430000)
 compacting perm gen  total 20480K, used 20479K [0x43980000, 0x44d80000, 0x53980000)
   the space 20480K,  99% used [0x43980000, 0x44d7fc88, 0x44d7fe00, 0x44d80000)
No shared spaces configured.
Event: 53.799 GC heap after
Heap after GC invocations=2 (full 1):
 def new generation   total 157376K, used 7503K [0x03980000, 0x0e440000, 0x18ed0000)
  eden space 139904K,   0% used [0x03980000, 0x03980000, 0x0c220000)
  from space 17472K,  42% used [0x0d330000, 0x0da83cf0, 0x0e440000)
  to   space 17472K,   0% used [0x0c220000, 0x0c220000, 0x0d330000)
 tenured generation   total 349568K, used 17824K [0x18ed0000, 0x2e430000, 0x43980000)
   the space 349568K,   5% used [0x18ed0000, 0x1a0382e0, 0x1a038400, 0x2e430000)
 compacting perm gen  total 20480K, used 20479K [0x43980000, 0x44d80000, 0x53980000)
   the space 20480K,  99% used [0x43980000, 0x44d7fc88, 0x44d7fe00, 0x44d80000)
No shared spaces configured.
}
Event: 53.800 GC heap before
{Heap before GC invocations=2 (full 1):
 def new generation   total 157376K, used 8315K [0x03980000, 0x0e440000, 0x18ed0000)
  eden space 139904K,   0% used [0x03980000, 0x03a4b1e0, 0x0c220000)
  from space 17472K,  42% used [0x0d330000, 0x0da83cf0, 0x0e440000)
  to   space 17472K,   0% used [0x0c220000, 0x0c220000, 0x0d330000)
 tenured generation   total 349568K, used 17824K [0x18ed0000, 0x2e430000, 0x43980000)
   the space 349568K,   5% used [0x18ed0000, 0x1a0382e0, 0x1a038400, 0x2e430000)
 compacting perm gen  total 20480K, used 20479K [0x43980000, 0x44d80000, 0x53980000)
   the space 20480K,  99% used [0x43980000, 0x44d7fc88, 0x44d7fe00, 0x44d80000)
No shared spaces configured.
Event: 54.065 GC heap after
Heap after GC invocations=3 (full 2):
 def new generation   total 157376K, used 0K [0x03980000, 0x0e440000, 0x18ed0000)
  eden space 139904K,   0% used [0x03980000, 0x03980000, 0x0c220000)
  from space 17472K,   0% used [0x0d330000, 0x0d330000, 0x0e440000)
  to   space 17472K,   0% used [0x0c220000, 0x0c220000, 0x0d330000)
 tenured generation   total 349568K, used 25305K [0x18ed0000, 0x2e430000, 0x43980000)
   the space 349568K,   7% used [0x18ed0000, 0x1a786410, 0x1a786600, 0x2e430000)
 compacting perm gen  total 20480K, used 20479K [0x43980000, 0x44d80000, 0x53980000)
   the space 20480K,  99% used [0x43980000, 0x44d7fc88, 0x44d7fe00, 0x44d80000)
No shared spaces configured.
}
Event: 89.641 GC heap before
{Heap before GC invocations=3 (full 2):
 def new generation   total 157376K, used 139904K [0x03980000, 0x0e440000, 0x18ed0000)
  eden space 139904K, 100% used [0x03980000, 0x0c220000, 0x0c220000)
  from space 17472K,   0% used [0x0d330000, 0x0d330000, 0x0e440000)
  to   space 17472K,   0% used [0x0c220000, 0x0c220000, 0x0d330000)
 tenured generation   total 349568K, used 25305K [0x18ed0000, 0x2e430000, 0x43980000)
   the space 349568K,   7% used [0x18ed0000, 0x1a786410, 0x1a786600, 0x2e430000)
 compacting perm gen  total 24320K, used 24083K [0x43980000, 0x45140000, 0x53980000)
   the space 24320K,  99% used [0x43980000, 0x45104f48, 0x45105000, 0x45140000)
No shared spaces configured.
Event: 89.731 GC heap after
Heap after GC invocations=4 (full 2):
 def new generation   total 157376K, used 9071K [0x03980000, 0x0e440000, 0x18ed0000)
  eden space 139904K,   0% used [0x03980000, 0x03980000, 0x0c220000)
  from space 17472K,  51% used [0x0c220000, 0x0cafbca0, 0x0d330000)
  to   space 17472K,   0% used [0x0d330000, 0x0d330000, 0x0e440000)
 tenured generation   total 349568K, used 25305K [0x18ed0000, 0x2e430000, 0x43980000)
   the space 349568K,   7% used [0x18ed0000, 0x1a786410, 0x1a786600, 0x2e430000)
 compacting perm gen  total 24320K, used 24083K [0x43980000, 0x45140000, 0x53980000)
   the space 24320K,  99% used [0x43980000, 0x45104f48, 0x45105000, 0x45140000)
No shared spaces configured.
}
Event: 90.479 GC heap before
{Heap before GC invocations=4 (full 2):
 def new generation   total 157376K, used 37002K [0x03980000, 0x0e440000, 0x18ed0000)
  eden space 139904K,  19% used [0x03980000, 0x054c6e00, 0x0c220000)
  from space 17472K,  51% used [0x0c220000, 0x0cafbca0, 0x0d330000)
  to   space 17472K,   0% used [0x0d330000, 0x0d330000, 0x0e440000)
 tenured generation   total 349568K, used 25305K [0x18ed0000, 0x2e430000, 0x43980000)
   the space 349568K,   7% used [0x18ed0000, 0x1a786410, 0x1a786600, 0x2e430000)
 compacting perm gen  total 24576K, used 24575K [0x43980000, 0x45180000, 0x53980000)
   the space 24576K,  99% used [0x43980000, 0x4517ffb8, 0x45180000, 0x45180000)
No shared spaces configured.
Event: 90.794 GC heap after
Heap after GC invocations=5 (full 3):
 def new generation   total 157376K, used 0K [0x03980000, 0x0e440000, 0x18ed0000)
  eden space 139904K,   0% used [0x03980000, 0x03980000, 0x0c220000)
  from space 17472K,   0% used [0x0c220000, 0x0c220000, 0x0d330000)
  to   space 17472K,   0% used [0x0d330000, 0x0d330000, 0x0e440000)
 tenured generation   total 349568K, used 25610K [0x18ed0000, 0x2e430000, 0x43980000)
   the space 349568K,   7% used [0x18ed0000, 0x1a7d2878, 0x1a7d2a00, 0x2e430000)
 compacting perm gen  total 24576K, used 24575K [0x43980000, 0x45180000, 0x53980000)
   the space 24576K,  99% used [0x43980000, 0x4517ffb8, 0x45180000, 0x45180000)
No shared spaces configured.
}

